2022-06-03 14:01:02.706  INFO 45928 --- [restartedMain] c.i.iot.InsitelIoTapiRestApplication     : Starting InsitelIoTapiRestApplication using Java 17.0.2 on LAPTOP-5PF8RKQP with PID 45928 (C:\ProyectosGit\SigarIoTAPI\SigarIotAPI\target\classes started by JOSE PALOMINO in C:\ProyectosGit\SigarIoTAPI\SigarIotAPI)
2022-06-03 14:01:02.711  INFO 45928 --- [restartedMain] c.i.iot.InsitelIoTapiRestApplication     : No active profile set, falling back to 1 default profile: "default"
2022-06-03 14:01:02.762  INFO 45928 --- [restartedMain] .e.DevToolsPropertyDefaultsPostProcessor : Devtools property defaults active! Set 'spring.devtools.add-properties' to 'false' to disable
2022-06-03 14:01:02.763  INFO 45928 --- [restartedMain] .e.DevToolsPropertyDefaultsPostProcessor : For additional web related logging consider setting the 'logging.level.web' property to 'DEBUG'
2022-06-03 14:01:03.679  INFO 45928 --- [restartedMain] .s.d.r.c.RepositoryConfigurationDelegate : Bootstrapping Spring Data JPA repositories in DEFAULT mode.
2022-06-03 14:01:03.785  INFO 45928 --- [restartedMain] .s.d.r.c.RepositoryConfigurationDelegate : Finished Spring Data repository scanning in 97 ms. Found 12 JPA repository interfaces.
2022-06-03 14:01:04.408  INFO 45928 --- [restartedMain] o.s.b.w.embedded.tomcat.TomcatWebServer  : Tomcat initialized with port(s): 8789 (http)
2022-06-03 14:01:04.417  INFO 45928 --- [restartedMain] o.apache.catalina.core.StandardService   : Starting service [Tomcat]
2022-06-03 14:01:04.418  INFO 45928 --- [restartedMain] org.apache.catalina.core.StandardEngine  : Starting Servlet engine: [Apache Tomcat/9.0.62]
2022-06-03 14:01:04.537  INFO 45928 --- [restartedMain] o.a.c.c.C.[Tomcat].[localhost].[/]       : Initializing Spring embedded WebApplicationContext
2022-06-03 14:01:04.538  INFO 45928 --- [restartedMain] w.s.c.ServletWebServerApplicationContext : Root WebApplicationContext: initialization completed in 1774 ms
2022-06-03 14:01:04.748  INFO 45928 --- [restartedMain] o.hibernate.jpa.internal.util.LogHelper  : HHH000204: Processing PersistenceUnitInfo [name: default]
2022-06-03 14:01:04.793  INFO 45928 --- [restartedMain] org.hibernate.Version                    : HHH000412: Hibernate ORM core version 5.6.8.Final
2022-06-03 14:01:04.946  INFO 45928 --- [restartedMain] o.hibernate.annotations.common.Version   : HCANN000001: Hibernate Commons Annotations {5.1.2.Final}
2022-06-03 14:01:05.048  INFO 45928 --- [restartedMain] com.zaxxer.hikari.HikariDataSource       : HikariPool-1 - Starting...
2022-06-03 14:01:05.284  INFO 45928 --- [restartedMain] com.zaxxer.hikari.HikariDataSource       : HikariPool-1 - Start completed.
2022-06-03 14:01:05.313  INFO 45928 --- [restartedMain] org.hibernate.dialect.Dialect            : HHH000400: Using dialect: org.hibernate.dialect.PostgreSQL10Dialect
2022-06-03 14:01:06.601  INFO 45928 --- [restartedMain] o.h.e.t.j.p.i.JtaPlatformInitiator       : HHH000490: Using JtaPlatform implementation: [org.hibernate.engine.transaction.jta.platform.internal.NoJtaPlatform]
2022-06-03 14:01:06.611  INFO 45928 --- [restartedMain] j.LocalContainerEntityManagerFactoryBean : Initialized JPA EntityManagerFactory for persistence unit 'default'
2022-06-03 14:01:07.187  WARN 45928 --- [restartedMain] JpaBaseConfiguration$JpaWebConfiguration : spring.jpa.open-in-view is enabled by default. Therefore, database queries may be performed during view rendering. Explicitly configure spring.jpa.open-in-view to disable this warning
2022-06-03 14:01:07.367  WARN 45928 --- [restartedMain] .s.s.UserDetailsServiceAutoConfiguration : 

Using generated security password: c7e3fd67-a2a8-4a5c-b69f-66dee8e3fe84

This generated password is for development use only. Your security configuration must be updated before running your application in production.

2022-06-03 14:01:07.462  INFO 45928 --- [restartedMain] o.s.s.web.DefaultSecurityFilterChain     : Will secure any request with [org.springframework.security.web.context.request.async.WebAsyncManagerIntegrationFilter@4984643f, org.springframework.security.web.context.SecurityContextPersistenceFilter@3dde5ad0, org.springframework.security.web.header.HeaderWriterFilter@3c64def7, org.springframework.security.web.authentication.logout.LogoutFilter@704f9ccd, com.insitel.iot.security.JWTAuthorizationFilter@7cfdfa33, org.springframework.security.web.savedrequest.RequestCacheAwareFilter@24a31196, org.springframework.security.web.servletapi.SecurityContextHolderAwareRequestFilter@42c89f06, org.springframework.security.web.authentication.AnonymousAuthenticationFilter@44e1c862, org.springframework.security.web.session.SessionManagementFilter@73727b97, org.springframework.security.web.access.ExceptionTranslationFilter@5922506d, org.springframework.security.web.access.intercept.FilterSecurityInterceptor@1d395210]
2022-06-03 14:01:07.490  INFO 45928 --- [restartedMain] pertySourcedRequestMappingHandlerMapping : Mapped URL path [/v2/api-docs] onto method [springfox.documentation.swagger2.web.Swagger2Controller#getDocumentation(String, HttpServletRequest)]
2022-06-03 14:01:07.569  INFO 45928 --- [restartedMain] o.s.b.d.a.OptionalLiveReloadServer       : LiveReload server is running on port 35729
2022-06-03 14:01:07.800  INFO 45928 --- [restartedMain] o.s.b.w.embedded.tomcat.TomcatWebServer  : Tomcat started on port(s): 8789 (http) with context path ''
2022-06-03 14:01:07.801  INFO 45928 --- [restartedMain] d.s.w.p.DocumentationPluginsBootstrapper : Context refreshed
2022-06-03 14:01:07.824  INFO 45928 --- [restartedMain] d.s.w.p.DocumentationPluginsBootstrapper : Found 1 custom documentation plugin(s)
2022-06-03 14:01:07.864  INFO 45928 --- [restartedMain] s.d.s.w.s.ApiListingReferenceScanner     : Scanning for api listing references
2022-06-03 14:01:08.199  INFO 45928 --- [restartedMain] c.i.iot.InsitelIoTapiRestApplication     : Started InsitelIoTapiRestApplication in 5.862 seconds (JVM running for 6.684)
2022-06-03 14:08:54.738  INFO 45928 --- [Thread-4] j.LocalContainerEntityManagerFactoryBean : Closing JPA EntityManagerFactory for persistence unit 'default'
2022-06-03 14:08:54.741  INFO 45928 --- [Thread-4] com.zaxxer.hikari.HikariDataSource       : HikariPool-1 - Shutdown initiated...
2022-06-03 14:08:54.744  INFO 45928 --- [Thread-4] com.zaxxer.hikari.HikariDataSource       : HikariPool-1 - Shutdown completed.
2022-06-03 14:08:54.826  INFO 45928 --- [restartedMain] c.i.iot.InsitelIoTapiRestApplication     : Starting InsitelIoTapiRestApplication using Java 17.0.2 on LAPTOP-5PF8RKQP with PID 45928 (C:\ProyectosGit\SigarIoTAPI\SigarIotAPI\target\classes started by JOSE PALOMINO in C:\ProyectosGit\SigarIoTAPI\SigarIotAPI)
2022-06-03 14:08:54.826  INFO 45928 --- [restartedMain] c.i.iot.InsitelIoTapiRestApplication     : No active profile set, falling back to 1 default profile: "default"
2022-06-03 14:08:55.266  INFO 45928 --- [restartedMain] .s.d.r.c.RepositoryConfigurationDelegate : Bootstrapping Spring Data JPA repositories in DEFAULT mode.
2022-06-03 14:08:55.326  INFO 45928 --- [restartedMain] .s.d.r.c.RepositoryConfigurationDelegate : Finished Spring Data repository scanning in 59 ms. Found 12 JPA repository interfaces.
2022-06-03 14:08:55.424  INFO 45928 --- [restartedMain] o.s.b.w.embedded.tomcat.TomcatWebServer  : Tomcat initialized with port(s): 8789 (http)
2022-06-03 14:08:55.425  INFO 45928 --- [restartedMain] o.apache.catalina.core.StandardService   : Starting service [Tomcat]
2022-06-03 14:08:55.425  INFO 45928 --- [restartedMain] org.apache.catalina.core.StandardEngine  : Starting Servlet engine: [Apache Tomcat/9.0.62]
2022-06-03 14:08:55.448  INFO 45928 --- [restartedMain] o.a.c.c.C.[Tomcat].[localhost].[/]       : Initializing Spring embedded WebApplicationContext
2022-06-03 14:08:55.448  INFO 45928 --- [restartedMain] w.s.c.ServletWebServerApplicationContext : Root WebApplicationContext: initialization completed in 619 ms
2022-06-03 14:08:55.484  INFO 45928 --- [restartedMain] o.hibernate.jpa.internal.util.LogHelper  : HHH000204: Processing PersistenceUnitInfo [name: default]
2022-06-03 14:08:55.491  INFO 45928 --- [restartedMain] com.zaxxer.hikari.HikariDataSource       : HikariPool-2 - Starting...
2022-06-03 14:08:55.611  INFO 45928 --- [restartedMain] com.zaxxer.hikari.HikariDataSource       : HikariPool-2 - Start completed.
2022-06-03 14:08:55.612  INFO 45928 --- [restartedMain] org.hibernate.dialect.Dialect            : HHH000400: Using dialect: org.hibernate.dialect.PostgreSQL10Dialect
2022-06-03 14:08:56.059  INFO 45928 --- [restartedMain] o.h.e.t.j.p.i.JtaPlatformInitiator       : HHH000490: Using JtaPlatform implementation: [org.hibernate.engine.transaction.jta.platform.internal.NoJtaPlatform]
2022-06-03 14:08:56.060  INFO 45928 --- [restartedMain] j.LocalContainerEntityManagerFactoryBean : Initialized JPA EntityManagerFactory for persistence unit 'default'
2022-06-03 14:08:56.249  WARN 45928 --- [restartedMain] JpaBaseConfiguration$JpaWebConfiguration : spring.jpa.open-in-view is enabled by default. Therefore, database queries may be performed during view rendering. Explicitly configure spring.jpa.open-in-view to disable this warning
2022-06-03 14:08:56.304  WARN 45928 --- [restartedMain] .s.s.UserDetailsServiceAutoConfiguration : 

Using generated security password: c1fa63b2-60fd-4204-a60e-2f1bff639404

This generated password is for development use only. Your security configuration must be updated before running your application in production.

2022-06-03 14:08:56.313  INFO 45928 --- [restartedMain] o.s.s.web.DefaultSecurityFilterChain     : Will secure any request with [org.springframework.security.web.context.request.async.WebAsyncManagerIntegrationFilter@660d60bc, org.springframework.security.web.context.SecurityContextPersistenceFilter@37450389, org.springframework.security.web.header.HeaderWriterFilter@3c61f75, org.springframework.security.web.authentication.logout.LogoutFilter@7de85df9, com.insitel.iot.security.JWTAuthorizationFilter@7492d5f4, org.springframework.security.web.savedrequest.RequestCacheAwareFilter@7471c113, org.springframework.security.web.servletapi.SecurityContextHolderAwareRequestFilter@47ff555f, org.springframework.security.web.authentication.AnonymousAuthenticationFilter@48f424e1, org.springframework.security.web.session.SessionManagementFilter@13299485, org.springframework.security.web.access.ExceptionTranslationFilter@2a2d3b41, org.springframework.security.web.access.intercept.FilterSecurityInterceptor@bd38d91]
2022-06-03 14:08:56.319  INFO 45928 --- [restartedMain] pertySourcedRequestMappingHandlerMapping : Mapped URL path [/v2/api-docs] onto method [springfox.documentation.swagger2.web.Swagger2Controller#getDocumentation(String, HttpServletRequest)]
2022-06-03 14:08:56.342  INFO 45928 --- [restartedMain] o.s.b.d.a.OptionalLiveReloadServer       : LiveReload server is running on port 35729
2022-06-03 14:08:56.416  INFO 45928 --- [restartedMain] o.s.b.w.embedded.tomcat.TomcatWebServer  : Tomcat started on port(s): 8789 (http) with context path ''
2022-06-03 14:08:56.416  INFO 45928 --- [restartedMain] d.s.w.p.DocumentationPluginsBootstrapper : Context refreshed
2022-06-03 14:08:56.417  INFO 45928 --- [restartedMain] d.s.w.p.DocumentationPluginsBootstrapper : Found 1 custom documentation plugin(s)
2022-06-03 14:08:56.421  INFO 45928 --- [restartedMain] s.d.s.w.s.ApiListingReferenceScanner     : Scanning for api listing references
2022-06-03 14:08:56.592  INFO 45928 --- [restartedMain] c.i.iot.InsitelIoTapiRestApplication     : Started InsitelIoTapiRestApplication in 1.8 seconds (JVM running for 475.077)
2022-06-03 14:08:56.594  INFO 45928 --- [restartedMain] .ConditionEvaluationDeltaLoggingListener : Condition evaluation unchanged
2022-06-03 14:08:57.560  INFO 45928 --- [RMI TCP Connection(20)-127.0.0.1] inMXBeanRegistrar$SpringApplicationAdmin : Application shutdown requested.
2022-06-03 14:08:57.583  INFO 45928 --- [RMI TCP Connection(20)-127.0.0.1] j.LocalContainerEntityManagerFactoryBean : Closing JPA EntityManagerFactory for persistence unit 'default'
2022-06-03 14:08:57.583  INFO 45928 --- [RMI TCP Connection(20)-127.0.0.1] com.zaxxer.hikari.HikariDataSource       : HikariPool-2 - Shutdown initiated...
2022-06-03 14:08:57.585  INFO 45928 --- [RMI TCP Connection(20)-127.0.0.1] com.zaxxer.hikari.HikariDataSource       : HikariPool-2 - Shutdown completed.
2022-06-03 15:11:38.917  INFO 48616 --- [restartedMain] c.i.iot.InsitelIoTapiRestApplication     : Starting InsitelIoTapiRestApplication using Java 17.0.2 on LAPTOP-5PF8RKQP with PID 48616 (C:\ProyectosGit\SigarIoTAPI\SigarIotAPI\target\classes started by JOSE PALOMINO in C:\ProyectosGit\SigarIoTAPI\SigarIotAPI)
2022-06-03 15:11:38.918  INFO 48616 --- [restartedMain] c.i.iot.InsitelIoTapiRestApplication     : No active profile set, falling back to 1 default profile: "default"
2022-06-03 15:11:38.962  INFO 48616 --- [restartedMain] .e.DevToolsPropertyDefaultsPostProcessor : Devtools property defaults active! Set 'spring.devtools.add-properties' to 'false' to disable
2022-06-03 15:11:38.963  INFO 48616 --- [restartedMain] .e.DevToolsPropertyDefaultsPostProcessor : For additional web related logging consider setting the 'logging.level.web' property to 'DEBUG'
2022-06-03 15:11:39.917  INFO 48616 --- [restartedMain] .s.d.r.c.RepositoryConfigurationDelegate : Bootstrapping Spring Data JPA repositories in DEFAULT mode.
2022-06-03 15:11:40.027  INFO 48616 --- [restartedMain] .s.d.r.c.RepositoryConfigurationDelegate : Finished Spring Data repository scanning in 102 ms. Found 14 JPA repository interfaces.
2022-06-03 15:11:40.663  INFO 48616 --- [restartedMain] o.s.b.w.embedded.tomcat.TomcatWebServer  : Tomcat initialized with port(s): 8789 (http)
2022-06-03 15:11:40.674  INFO 48616 --- [restartedMain] o.apache.catalina.core.StandardService   : Starting service [Tomcat]
2022-06-03 15:11:40.674  INFO 48616 --- [restartedMain] org.apache.catalina.core.StandardEngine  : Starting Servlet engine: [Apache Tomcat/9.0.62]
2022-06-03 15:11:40.796  INFO 48616 --- [restartedMain] o.a.c.c.C.[Tomcat].[localhost].[/]       : Initializing Spring embedded WebApplicationContext
2022-06-03 15:11:40.796  INFO 48616 --- [restartedMain] w.s.c.ServletWebServerApplicationContext : Root WebApplicationContext: initialization completed in 1833 ms
2022-06-03 15:11:40.969  INFO 48616 --- [restartedMain] o.hibernate.jpa.internal.util.LogHelper  : HHH000204: Processing PersistenceUnitInfo [name: default]
2022-06-03 15:11:41.012  INFO 48616 --- [restartedMain] org.hibernate.Version                    : HHH000412: Hibernate ORM core version 5.6.8.Final
2022-06-03 15:11:41.162  INFO 48616 --- [restartedMain] o.hibernate.annotations.common.Version   : HCANN000001: Hibernate Commons Annotations {5.1.2.Final}
2022-06-03 15:11:41.254  INFO 48616 --- [restartedMain] com.zaxxer.hikari.HikariDataSource       : HikariPool-1 - Starting...
2022-06-03 15:11:41.494  INFO 48616 --- [restartedMain] com.zaxxer.hikari.HikariDataSource       : HikariPool-1 - Start completed.
2022-06-03 15:11:41.521  INFO 48616 --- [restartedMain] org.hibernate.dialect.Dialect            : HHH000400: Using dialect: org.hibernate.dialect.PostgreSQL10Dialect
2022-06-03 15:11:42.629  INFO 48616 --- [restartedMain] o.h.e.t.j.p.i.JtaPlatformInitiator       : HHH000490: Using JtaPlatform implementation: [org.hibernate.engine.transaction.jta.platform.internal.NoJtaPlatform]
2022-06-03 15:11:42.637  INFO 48616 --- [restartedMain] j.LocalContainerEntityManagerFactoryBean : Initialized JPA EntityManagerFactory for persistence unit 'default'
2022-06-03 15:11:43.212  WARN 48616 --- [restartedMain] JpaBaseConfiguration$JpaWebConfiguration : spring.jpa.open-in-view is enabled by default. Therefore, database queries may be performed during view rendering. Explicitly configure spring.jpa.open-in-view to disable this warning
2022-06-03 15:11:43.382  WARN 48616 --- [restartedMain] .s.s.UserDetailsServiceAutoConfiguration : 

Using generated security password: 8b6950b3-079a-43df-9012-76b230c980a8

This generated password is for development use only. Your security configuration must be updated before running your application in production.

2022-06-03 15:11:43.466  INFO 48616 --- [restartedMain] o.s.s.web.DefaultSecurityFilterChain     : Will secure any request with [org.springframework.security.web.context.request.async.WebAsyncManagerIntegrationFilter@27f1b584, org.springframework.security.web.context.SecurityContextPersistenceFilter@38b88d2f, org.springframework.security.web.header.HeaderWriterFilter@1c7f9c74, org.springframework.security.web.authentication.logout.LogoutFilter@2ffd9c14, com.insitel.iot.security.JWTAuthorizationFilter@5e91543, org.springframework.security.web.savedrequest.RequestCacheAwareFilter@28033427, org.springframework.security.web.servletapi.SecurityContextHolderAwareRequestFilter@5f6d1f3d, org.springframework.security.web.authentication.AnonymousAuthenticationFilter@18bde5c5, org.springframework.security.web.session.SessionManagementFilter@2a2fda20, org.springframework.security.web.access.ExceptionTranslationFilter@45df4f08, org.springframework.security.web.access.intercept.FilterSecurityInterceptor@3c3b46fc]
2022-06-03 15:11:43.488  INFO 48616 --- [restartedMain] pertySourcedRequestMappingHandlerMapping : Mapped URL path [/v2/api-docs] onto method [springfox.documentation.swagger2.web.Swagger2Controller#getDocumentation(String, HttpServletRequest)]
2022-06-03 15:11:43.608  INFO 48616 --- [restartedMain] o.s.b.d.a.OptionalLiveReloadServer       : LiveReload server is running on port 35729
2022-06-03 15:11:43.843  INFO 48616 --- [restartedMain] o.s.b.w.embedded.tomcat.TomcatWebServer  : Tomcat started on port(s): 8789 (http) with context path ''
2022-06-03 15:11:43.844  INFO 48616 --- [restartedMain] d.s.w.p.DocumentationPluginsBootstrapper : Context refreshed
2022-06-03 15:11:43.862  INFO 48616 --- [restartedMain] d.s.w.p.DocumentationPluginsBootstrapper : Found 1 custom documentation plugin(s)
2022-06-03 15:11:43.887  INFO 48616 --- [restartedMain] s.d.s.w.s.ApiListingReferenceScanner     : Scanning for api listing references
2022-06-03 15:11:44.199  INFO 48616 --- [restartedMain] c.i.iot.InsitelIoTapiRestApplication     : Started InsitelIoTapiRestApplication in 5.639 seconds (JVM running for 6.42)
2022-06-03 15:14:01.363  INFO 48616 --- [http-nio-8789-exec-2] o.a.c.c.C.[Tomcat].[localhost].[/]       : Initializing Spring DispatcherServlet 'dispatcherServlet'
2022-06-03 15:14:01.364  INFO 48616 --- [http-nio-8789-exec-2] o.s.web.servlet.DispatcherServlet        : Initializing Servlet 'dispatcherServlet'
2022-06-03 15:14:01.365  INFO 48616 --- [http-nio-8789-exec-2] o.s.web.servlet.DispatcherServlet        : Completed initialization in 1 ms
2022-06-03 15:38:09.050  INFO 48616 --- [RMI TCP Connection(37)-127.0.0.1] inMXBeanRegistrar$SpringApplicationAdmin : Application shutdown requested.
2022-06-03 15:38:09.091  INFO 48616 --- [RMI TCP Connection(37)-127.0.0.1] j.LocalContainerEntityManagerFactoryBean : Closing JPA EntityManagerFactory for persistence unit 'default'
2022-06-03 15:38:09.093  INFO 48616 --- [RMI TCP Connection(37)-127.0.0.1] com.zaxxer.hikari.HikariDataSource       : HikariPool-1 - Shutdown initiated...
2022-06-03 15:38:09.098  INFO 48616 --- [RMI TCP Connection(37)-127.0.0.1] com.zaxxer.hikari.HikariDataSource       : HikariPool-1 - Shutdown completed.
2022-06-03 17:07:29.153  INFO 40372 --- [restartedMain] c.i.iot.InsitelIoTapiRestApplication     : Starting InsitelIoTapiRestApplication using Java 17.0.2 on LAPTOP-5PF8RKQP with PID 40372 (C:\ProyectosGit\SigarIoTAPI\SigarIotAPI\target\classes started by JOSE PALOMINO in C:\ProyectosGit\SigarIoTAPI\SigarIotAPI)
2022-06-03 17:07:29.155  INFO 40372 --- [restartedMain] c.i.iot.InsitelIoTapiRestApplication     : No active profile set, falling back to 1 default profile: "default"
2022-06-03 17:07:29.210  INFO 40372 --- [restartedMain] .e.DevToolsPropertyDefaultsPostProcessor : Devtools property defaults active! Set 'spring.devtools.add-properties' to 'false' to disable
2022-06-03 17:07:29.210  INFO 40372 --- [restartedMain] .e.DevToolsPropertyDefaultsPostProcessor : For additional web related logging consider setting the 'logging.level.web' property to 'DEBUG'
2022-06-03 17:07:30.420  INFO 40372 --- [restartedMain] .s.d.r.c.RepositoryConfigurationDelegate : Bootstrapping Spring Data JPA repositories in DEFAULT mode.
2022-06-03 17:07:30.538  INFO 40372 --- [restartedMain] .s.d.r.c.RepositoryConfigurationDelegate : Finished Spring Data repository scanning in 108 ms. Found 14 JPA repository interfaces.
2022-06-03 17:07:31.220  INFO 40372 --- [restartedMain] o.s.b.w.embedded.tomcat.TomcatWebServer  : Tomcat initialized with port(s): 8789 (http)
2022-06-03 17:07:31.232  INFO 40372 --- [restartedMain] o.apache.catalina.core.StandardService   : Starting service [Tomcat]
2022-06-03 17:07:31.232  INFO 40372 --- [restartedMain] org.apache.catalina.core.StandardEngine  : Starting Servlet engine: [Apache Tomcat/9.0.62]
2022-06-03 17:07:31.361  INFO 40372 --- [restartedMain] o.a.c.c.C.[Tomcat].[localhost].[/]       : Initializing Spring embedded WebApplicationContext
2022-06-03 17:07:31.362  INFO 40372 --- [restartedMain] w.s.c.ServletWebServerApplicationContext : Root WebApplicationContext: initialization completed in 2152 ms
2022-06-03 17:07:31.597  INFO 40372 --- [restartedMain] o.hibernate.jpa.internal.util.LogHelper  : HHH000204: Processing PersistenceUnitInfo [name: default]
2022-06-03 17:07:31.679  INFO 40372 --- [restartedMain] org.hibernate.Version                    : HHH000412: Hibernate ORM core version 5.6.8.Final
2022-06-03 17:07:31.911  INFO 40372 --- [restartedMain] o.hibernate.annotations.common.Version   : HCANN000001: Hibernate Commons Annotations {5.1.2.Final}
2022-06-03 17:07:32.036  INFO 40372 --- [restartedMain] com.zaxxer.hikari.HikariDataSource       : HikariPool-1 - Starting...
2022-06-03 17:07:32.305  INFO 40372 --- [restartedMain] com.zaxxer.hikari.HikariDataSource       : HikariPool-1 - Start completed.
2022-06-03 17:07:32.351  INFO 40372 --- [restartedMain] org.hibernate.dialect.Dialect            : HHH000400: Using dialect: org.hibernate.dialect.PostgreSQL10Dialect
2022-06-03 17:07:33.597  INFO 40372 --- [restartedMain] o.h.e.t.j.p.i.JtaPlatformInitiator       : HHH000490: Using JtaPlatform implementation: [org.hibernate.engine.transaction.jta.platform.internal.NoJtaPlatform]
2022-06-03 17:07:33.605  INFO 40372 --- [restartedMain] j.LocalContainerEntityManagerFactoryBean : Initialized JPA EntityManagerFactory for persistence unit 'default'
2022-06-03 17:07:34.227  WARN 40372 --- [restartedMain] JpaBaseConfiguration$JpaWebConfiguration : spring.jpa.open-in-view is enabled by default. Therefore, database queries may be performed during view rendering. Explicitly configure spring.jpa.open-in-view to disable this warning
2022-06-03 17:07:34.411  WARN 40372 --- [restartedMain] .s.s.UserDetailsServiceAutoConfiguration : 

Using generated security password: f9e6c05e-45e6-40a4-85bf-d12373da8f4f

This generated password is for development use only. Your security configuration must be updated before running your application in production.

2022-06-03 17:07:34.513  INFO 40372 --- [restartedMain] o.s.s.web.DefaultSecurityFilterChain     : Will secure any request with [org.springframework.security.web.context.request.async.WebAsyncManagerIntegrationFilter@780cf18b, org.springframework.security.web.context.SecurityContextPersistenceFilter@589db706, org.springframework.security.web.header.HeaderWriterFilter@54327193, org.springframework.security.web.authentication.logout.LogoutFilter@3b1dee0e, com.insitel.iot.security.JWTAuthorizationFilter@25d802, org.springframework.security.web.savedrequest.RequestCacheAwareFilter@5128a5f0, org.springframework.security.web.servletapi.SecurityContextHolderAwareRequestFilter@9162765, org.springframework.security.web.authentication.AnonymousAuthenticationFilter@398ed47f, org.springframework.security.web.session.SessionManagementFilter@4bf48878, org.springframework.security.web.access.ExceptionTranslationFilter@1d395210, org.springframework.security.web.access.intercept.FilterSecurityInterceptor@5cefda85]
2022-06-03 17:07:34.538  INFO 40372 --- [restartedMain] pertySourcedRequestMappingHandlerMapping : Mapped URL path [/v2/api-docs] onto method [springfox.documentation.swagger2.web.Swagger2Controller#getDocumentation(String, HttpServletRequest)]
2022-06-03 17:07:34.618  INFO 40372 --- [restartedMain] o.s.b.d.a.OptionalLiveReloadServer       : LiveReload server is running on port 35729
2022-06-03 17:07:34.862  INFO 40372 --- [restartedMain] o.s.b.w.embedded.tomcat.TomcatWebServer  : Tomcat started on port(s): 8789 (http) with context path ''
2022-06-03 17:07:34.863  INFO 40372 --- [restartedMain] d.s.w.p.DocumentationPluginsBootstrapper : Context refreshed
2022-06-03 17:07:34.887  INFO 40372 --- [restartedMain] d.s.w.p.DocumentationPluginsBootstrapper : Found 1 custom documentation plugin(s)
2022-06-03 17:07:34.915  INFO 40372 --- [restartedMain] s.d.s.w.s.ApiListingReferenceScanner     : Scanning for api listing references
2022-06-03 17:07:35.244  INFO 40372 --- [restartedMain] c.i.iot.InsitelIoTapiRestApplication     : Started InsitelIoTapiRestApplication in 6.516 seconds (JVM running for 7.351)
2022-06-03 17:07:45.215  INFO 40372 --- [http-nio-8789-exec-2] o.a.c.c.C.[Tomcat].[localhost].[/]       : Initializing Spring DispatcherServlet 'dispatcherServlet'
2022-06-03 17:07:45.216  INFO 40372 --- [http-nio-8789-exec-2] o.s.web.servlet.DispatcherServlet        : Initializing Servlet 'dispatcherServlet'
2022-06-03 17:07:45.217  INFO 40372 --- [http-nio-8789-exec-2] o.s.web.servlet.DispatcherServlet        : Completed initialization in 1 ms
2022-06-03 17:08:16.472  INFO 40372 --- [RMI TCP Connection(10)-127.0.0.1] inMXBeanRegistrar$SpringApplicationAdmin : Application shutdown requested.
2022-06-03 17:08:16.509  INFO 40372 --- [RMI TCP Connection(10)-127.0.0.1] j.LocalContainerEntityManagerFactoryBean : Closing JPA EntityManagerFactory for persistence unit 'default'
2022-06-03 17:08:16.512  INFO 40372 --- [RMI TCP Connection(10)-127.0.0.1] com.zaxxer.hikari.HikariDataSource       : HikariPool-1 - Shutdown initiated...
2022-06-03 17:08:16.515  INFO 40372 --- [RMI TCP Connection(10)-127.0.0.1] com.zaxxer.hikari.HikariDataSource       : HikariPool-1 - Shutdown completed.
2022-06-03 17:09:45.404  INFO 42036 --- [restartedMain] c.i.iot.InsitelIoTapiRestApplication     : Starting InsitelIoTapiRestApplication using Java 17.0.2 on LAPTOP-5PF8RKQP with PID 42036 (C:\ProyectosGit\SigarIoTAPI\SigarIotAPI\target\classes started by JOSE PALOMINO in C:\ProyectosGit\SigarIoTAPI\SigarIotAPI)
2022-06-03 17:09:45.406  INFO 42036 --- [restartedMain] c.i.iot.InsitelIoTapiRestApplication     : No active profile set, falling back to 1 default profile: "default"
2022-06-03 17:09:45.449  INFO 42036 --- [restartedMain] .e.DevToolsPropertyDefaultsPostProcessor : Devtools property defaults active! Set 'spring.devtools.add-properties' to 'false' to disable
2022-06-03 17:09:45.449  INFO 42036 --- [restartedMain] .e.DevToolsPropertyDefaultsPostProcessor : For additional web related logging consider setting the 'logging.level.web' property to 'DEBUG'
2022-06-03 17:09:46.317  INFO 42036 --- [restartedMain] .s.d.r.c.RepositoryConfigurationDelegate : Bootstrapping Spring Data JPA repositories in DEFAULT mode.
2022-06-03 17:09:46.420  INFO 42036 --- [restartedMain] .s.d.r.c.RepositoryConfigurationDelegate : Finished Spring Data repository scanning in 95 ms. Found 14 JPA repository interfaces.
2022-06-03 17:09:47.011  INFO 42036 --- [restartedMain] o.s.b.w.embedded.tomcat.TomcatWebServer  : Tomcat initialized with port(s): 8789 (http)
2022-06-03 17:09:47.020  INFO 42036 --- [restartedMain] o.apache.catalina.core.StandardService   : Starting service [Tomcat]
2022-06-03 17:09:47.020  INFO 42036 --- [restartedMain] org.apache.catalina.core.StandardEngine  : Starting Servlet engine: [Apache Tomcat/9.0.62]
2022-06-03 17:09:47.134  INFO 42036 --- [restartedMain] o.a.c.c.C.[Tomcat].[localhost].[/]       : Initializing Spring embedded WebApplicationContext
2022-06-03 17:09:47.135  INFO 42036 --- [restartedMain] w.s.c.ServletWebServerApplicationContext : Root WebApplicationContext: initialization completed in 1684 ms
2022-06-03 17:09:47.309  INFO 42036 --- [restartedMain] o.hibernate.jpa.internal.util.LogHelper  : HHH000204: Processing PersistenceUnitInfo [name: default]
2022-06-03 17:09:47.357  INFO 42036 --- [restartedMain] org.hibernate.Version                    : HHH000412: Hibernate ORM core version 5.6.8.Final
2022-06-03 17:09:47.507  INFO 42036 --- [restartedMain] o.hibernate.annotations.common.Version   : HCANN000001: Hibernate Commons Annotations {5.1.2.Final}
2022-06-03 17:09:47.598  INFO 42036 --- [restartedMain] com.zaxxer.hikari.HikariDataSource       : HikariPool-1 - Starting...
2022-06-03 17:09:47.846  INFO 42036 --- [restartedMain] com.zaxxer.hikari.HikariDataSource       : HikariPool-1 - Start completed.
2022-06-03 17:09:47.874  INFO 42036 --- [restartedMain] org.hibernate.dialect.Dialect            : HHH000400: Using dialect: org.hibernate.dialect.PostgreSQL10Dialect
2022-06-03 17:09:48.914  INFO 42036 --- [restartedMain] o.h.e.t.j.p.i.JtaPlatformInitiator       : HHH000490: Using JtaPlatform implementation: [org.hibernate.engine.transaction.jta.platform.internal.NoJtaPlatform]
2022-06-03 17:09:48.922  INFO 42036 --- [restartedMain] j.LocalContainerEntityManagerFactoryBean : Initialized JPA EntityManagerFactory for persistence unit 'default'
2022-06-03 17:09:49.482  WARN 42036 --- [restartedMain] JpaBaseConfiguration$JpaWebConfiguration : spring.jpa.open-in-view is enabled by default. Therefore, database queries may be performed during view rendering. Explicitly configure spring.jpa.open-in-view to disable this warning
2022-06-03 17:09:49.652  WARN 42036 --- [restartedMain] .s.s.UserDetailsServiceAutoConfiguration : 

Using generated security password: 5f1b57f0-d474-4dc2-9924-9cdd99ac34bc

This generated password is for development use only. Your security configuration must be updated before running your application in production.

2022-06-03 17:09:49.730  INFO 42036 --- [restartedMain] o.s.s.web.DefaultSecurityFilterChain     : Will secure any request with [org.springframework.security.web.context.request.async.WebAsyncManagerIntegrationFilter@5a5682a0, org.springframework.security.web.context.SecurityContextPersistenceFilter@38f14bd9, org.springframework.security.web.header.HeaderWriterFilter@50c85d3c, org.springframework.security.web.authentication.logout.LogoutFilter@1486b5ef, com.insitel.iot.security.JWTAuthorizationFilter@65463fc5, org.springframework.security.web.savedrequest.RequestCacheAwareFilter@4226c450, org.springframework.security.web.servletapi.SecurityContextHolderAwareRequestFilter@1d395210, org.springframework.security.web.authentication.AnonymousAuthenticationFilter@5da1f2da, org.springframework.security.web.session.SessionManagementFilter@6409f19e, org.springframework.security.web.access.ExceptionTranslationFilter@2510a9b1, org.springframework.security.web.access.intercept.FilterSecurityInterceptor@1422ed1]
2022-06-03 17:09:49.752  INFO 42036 --- [restartedMain] pertySourcedRequestMappingHandlerMapping : Mapped URL path [/v2/api-docs] onto method [springfox.documentation.swagger2.web.Swagger2Controller#getDocumentation(String, HttpServletRequest)]
2022-06-03 17:09:49.821  INFO 42036 --- [restartedMain] o.s.b.d.a.OptionalLiveReloadServer       : LiveReload server is running on port 35729
2022-06-03 17:09:50.082  INFO 42036 --- [restartedMain] o.s.b.w.embedded.tomcat.TomcatWebServer  : Tomcat started on port(s): 8789 (http) with context path ''
2022-06-03 17:09:50.083  INFO 42036 --- [restartedMain] d.s.w.p.DocumentationPluginsBootstrapper : Context refreshed
2022-06-03 17:09:50.101  INFO 42036 --- [restartedMain] d.s.w.p.DocumentationPluginsBootstrapper : Found 1 custom documentation plugin(s)
2022-06-03 17:09:50.127  INFO 42036 --- [restartedMain] s.d.s.w.s.ApiListingReferenceScanner     : Scanning for api listing references
2022-06-03 17:09:50.438  INFO 42036 --- [restartedMain] c.i.iot.InsitelIoTapiRestApplication     : Started InsitelIoTapiRestApplication in 5.37 seconds (JVM running for 6.186)
2022-06-03 17:09:55.679  INFO 42036 --- [http-nio-8789-exec-2] o.a.c.c.C.[Tomcat].[localhost].[/]       : Initializing Spring DispatcherServlet 'dispatcherServlet'
2022-06-03 17:09:55.680  INFO 42036 --- [http-nio-8789-exec-2] o.s.web.servlet.DispatcherServlet        : Initializing Servlet 'dispatcherServlet'
